---------------------------------------------------------------
[ 2024-03-27T00:57:00+08:00 ] 52.206.90.251 GET cuijingshui.zwzdoac.cn/
[运行时间：0.073892s] [吞吐率：13.53req/s] [内存消耗：3,076.32kb] [文件加载：79]
[ info ] [ BEHAVIOR ] Run Closure @app_init [ RunTime:0.005201s ]
[ info ] [ CACHE ] INIT File
[ info ] [ BEHAVIOR ] Run \addons\shop\Shop @app_init [ RunTime:0.003842s ]
[ info ] [ BEHAVIOR ] Run Closure @app_init [ RunTime:0.003890s ]
[ info ] [ BEHAVIOR ] Run app\common\behavior\Common @app_init [ RunTime:0.000577s ]
[ info ] [ LANG ] /www/wwwroot/cuijingshui.zwzdoac.cn/thinkphp/lang/zh-cn.php
[ info ] [ BEHAVIOR ] Run app\common\behavior\Common @app_dispatch [ RunTime:0.000028s ]
[ info ] [ ROUTE ] array (
  'type' => 'module',
  'module' => 
  array (
    0 => '',
    1 => NULL,
    2 => NULL,
  ),
)
[ info ] [ HEADER ] array (
  'connection' => 'close',
  'user-agent' => 'Python-urllib/3.8',
  'host' => 'cuijingshui.zwzdoac.cn',
  'accept-encoding' => 'identity',
  'content-length' => '',
  'content-type' => '',
)
[ info ] [ PARAM ] array (
)
[ info ] [ LANG ] /www/wwwroot/cuijingshui.zwzdoac.cn/public/../application/index/lang/zh-cn.php
[ info ] [ BEHAVIOR ] Run app\common\behavior\Common @module_init [ RunTime:0.002727s ]
[ info ] [ BEHAVIOR ] Run \addons\third\Third @module_init [ RunTime:0.000844s ]
[ info ] [ BEHAVIOR ] Run \addons\third\Third @config_init [ RunTime:0.000090s ]
[ info ] [ LANG ] /www/wwwroot/cuijingshui.zwzdoac.cn/public/../application/index/lang/zh-cn/index.php
[ info ] [ BEHAVIOR ] Run \addons\epay\Epay @action_begin [ RunTime:0.003123s ]
[ info ] [ BEHAVIOR ] Run \addons\third\Third @action_begin [ RunTime:0.000064s ]
[ info ] [ RUN ] app\index\controller\Index->index[ /www/wwwroot/cuijingshui.zwzdoac.cn/application/index/controller/Index.php ]
[ info ] [ VIEW ] /www/wwwroot/cuijingshui.zwzdoac.cn/public/../application/index/view/index/index.html [ array (
  0 => 'user',
  1 => 'site',
  2 => 'config',
) ]
[ info ] [ BEHAVIOR ] Run \addons\shop\Shop @view_filter [ RunTime:0.000049s ]
[ info ] [ BEHAVIOR ] Run \addons\third\Third @view_filter [ RunTime:0.000038s ]
[ info ] [ LOG ] INIT File
---------------------------------------------------------------
[ 2024-03-27T02:19:09+08:00 ] 52.206.90.251 GET cuijingshui.zwzdoac.cn/
[运行时间：0.040803s] [吞吐率：24.51req/s] [内存消耗：3,076.33kb] [文件加载：79]
[ info ] [ BEHAVIOR ] Run Closure @app_init [ RunTime:0.000031s ]
[ info ] [ CACHE ] INIT File
[ info ] [ BEHAVIOR ] Run \addons\shop\Shop @app_init [ RunTime:0.003739s ]
[ info ] [ BEHAVIOR ] Run Closure @app_init [ RunTime:0.003790s ]
[ info ] [ BEHAVIOR ] Run app\common\behavior\Common @app_init [ RunTime:0.000576s ]
[ info ] [ LANG ] /www/wwwroot/cuijingshui.zwzdoac.cn/thinkphp/lang/zh-cn.php
[ info ] [ BEHAVIOR ] Run app\common\behavior\Common @app_dispatch [ RunTime:0.000024s ]
[ info ] [ ROUTE ] array (
  'type' => 'module',
  'module' => 
  array (
    0 => '',
    1 => NULL,
    2 => NULL,
  ),
)
[ info ] [ HEADER ] array (
  'connection' => 'close',
  'user-agent' => 'Python-urllib/3.8',
  'host' => 'cuijingshui.zwzdoac.cn',
  'accept-encoding' => 'identity',
  'content-length' => '',
  'content-type' => '',
)
[ info ] [ PARAM ] array (
)
[ info ] [ LANG ] /www/wwwroot/cuijingshui.zwzdoac.cn/public/../application/index/lang/zh-cn.php
[ info ] [ BEHAVIOR ] Run app\common\behavior\Common @module_init [ RunTime:0.001804s ]
[ info ] [ BEHAVIOR ] Run \addons\third\Third @module_init [ RunTime:0.000213s ]
[ info ] [ BEHAVIOR ] Run \addons\third\Third @config_init [ RunTime:0.000073s ]
[ info ] [ LANG ] /www/wwwroot/cuijingshui.zwzdoac.cn/public/../application/index/lang/zh-cn/index.php
[ info ] [ BEHAVIOR ] Run \addons\epay\Epay @action_begin [ RunTime:0.001358s ]
[ info ] [ BEHAVIOR ] Run \addons\third\Third @action_begin [ RunTime:0.000051s ]
[ info ] [ RUN ] app\index\controller\Index->index[ /www/wwwroot/cuijingshui.zwzdoac.cn/application/index/controller/Index.php ]
[ info ] [ VIEW ] /www/wwwroot/cuijingshui.zwzdoac.cn/public/../application/index/view/index/index.html [ array (
  0 => 'user',
  1 => 'site',
  2 => 'config',
) ]
[ info ] [ BEHAVIOR ] Run \addons\shop\Shop @view_filter [ RunTime:0.000045s ]
[ info ] [ BEHAVIOR ] Run \addons\third\Third @view_filter [ RunTime:0.000036s ]
[ info ] [ LOG ] INIT File
---------------------------------------------------------------
[ 2024-03-27T02:34:05+08:00 ] 52.206.90.251 GET cuijingshui.zwzdoac.cn/
[运行时间：0.044463s] [吞吐率：22.49req/s] [内存消耗：3,076.33kb] [文件加载：79]
[ info ] [ BEHAVIOR ] Run Closure @app_init [ RunTime:0.000036s ]
[ info ] [ CACHE ] INIT File
[ info ] [ BEHAVIOR ] Run \addons\shop\Shop @app_init [ RunTime:0.004417s ]
[ info ] [ BEHAVIOR ] Run Closure @app_init [ RunTime:0.004465s ]
[ info ] [ BEHAVIOR ] Run app\common\behavior\Common @app_init [ RunTime:0.000617s ]
[ info ] [ LANG ] /www/wwwroot/cuijingshui.zwzdoac.cn/thinkphp/lang/zh-cn.php
[ info ] [ BEHAVIOR ] Run app\common\behavior\Common @app_dispatch [ RunTime:0.000025s ]
[ info ] [ ROUTE ] array (
  'type' => 'module',
  'module' => 
  array (
    0 => '',
    1 => NULL,
    2 => NULL,
  ),
)
[ info ] [ HEADER ] array (
  'connection' => 'close',
  'user-agent' => 'Python-urllib/3.8',
  'host' => 'cuijingshui.zwzdoac.cn',
  'accept-encoding' => 'identity',
  'content-length' => '',
  'content-type' => '',
)
[ info ] [ PARAM ] array (
)
[ info ] [ LANG ] /www/wwwroot/cuijingshui.zwzdoac.cn/public/../application/index/lang/zh-cn.php
[ info ] [ BEHAVIOR ] Run app\common\behavior\Common @module_init [ RunTime:0.001771s ]
[ info ] [ BEHAVIOR ] Run \addons\third\Third @module_init [ RunTime:0.000212s ]
[ info ] [ BEHAVIOR ] Run \addons\third\Third @config_init [ RunTime:0.000076s ]
[ info ] [ LANG ] /www/wwwroot/cuijingshui.zwzdoac.cn/public/../application/index/lang/zh-cn/index.php
[ info ] [ BEHAVIOR ] Run \addons\epay\Epay @action_begin [ RunTime:0.001320s ]
[ info ] [ BEHAVIOR ] Run \addons\third\Third @action_begin [ RunTime:0.000048s ]
[ info ] [ RUN ] app\index\controller\Index->index[ /www/wwwroot/cuijingshui.zwzdoac.cn/application/index/controller/Index.php ]
[ info ] [ VIEW ] /www/wwwroot/cuijingshui.zwzdoac.cn/public/../application/index/view/index/index.html [ array (
  0 => 'user',
  1 => 'site',
  2 => 'config',
) ]
[ info ] [ BEHAVIOR ] Run \addons\shop\Shop @view_filter [ RunTime:0.000045s ]
[ info ] [ BEHAVIOR ] Run \addons\third\Third @view_filter [ RunTime:0.000035s ]
[ info ] [ LOG ] INIT File
---------------------------------------------------------------
[ 2024-03-27T02:34:08+08:00 ] 59.83.208.108 GET cuijingshui.zwzdoac.cn/
[运行时间：0.041894s] [吞吐率：23.87req/s] [内存消耗：3,080.96kb] [文件加载：79]
[ info ] [ BEHAVIOR ] Run Closure @app_init [ RunTime:0.000042s ]
[ info ] [ CACHE ] INIT File
[ info ] [ BEHAVIOR ] Run \addons\shop\Shop @app_init [ RunTime:0.003908s ]
[ info ] [ BEHAVIOR ] Run Closure @app_init [ RunTime:0.003956s ]
[ info ] [ BEHAVIOR ] Run app\common\behavior\Common @app_init [ RunTime:0.000609s ]
[ info ] [ LANG ] /www/wwwroot/cuijingshui.zwzdoac.cn/thinkphp/lang/zh-cn.php
[ info ] [ BEHAVIOR ] Run app\common\behavior\Common @app_dispatch [ RunTime:0.000025s ]
[ info ] [ ROUTE ] array (
  'type' => 'module',
  'module' => 
  array (
    0 => '',
    1 => NULL,
    2 => NULL,
  ),
)
[ info ] [ HEADER ] array (
  'x-forwarded-for' => '1.15.173.107',
  'upgrade-insecure-requests' => '1',
  'connection' => 'keep-alive',
  'cache-control' => 'max-age=0',
  'accept-language' => 'zh-CN,zh;q=0.9',
  'accept-encoding' => 'gzip, deflate',
  'accept' => 'text/html,application/xhtml+xml,application/xml;q=0.9,image/avif,image/webp,image/apng,*/*;q=0.8,application/signed-exchange;v=b3;q=0.9',
  'user-agent' => 'Mozilla/5.0 (iPhone; CPU iPhone os 15_4 like Mac OS X) AppleWebKit/605.1.15 (KHTML, like Gecko) Version/15.4 Mobile/11D257 Safari/604.1',
  'host' => 'cuijingshui.zwzdoac.cn',
  'content-length' => '',
  'content-type' => '',
)
[ info ] [ PARAM ] array (
)
[ info ] [ LANG ] /www/wwwroot/cuijingshui.zwzdoac.cn/public/../application/index/lang/zh-cn.php
[ info ] [ BEHAVIOR ] Run app\common\behavior\Common @module_init [ RunTime:0.001800s ]
[ info ] [ BEHAVIOR ] Run \addons\third\Third @module_init [ RunTime:0.000224s ]
[ info ] [ BEHAVIOR ] Run \addons\third\Third @config_init [ RunTime:0.000093s ]
[ info ] [ LANG ] /www/wwwroot/cuijingshui.zwzdoac.cn/public/../application/index/lang/zh-cn/index.php
[ info ] [ BEHAVIOR ] Run \addons\epay\Epay @action_begin [ RunTime:0.001275s ]
[ info ] [ BEHAVIOR ] Run \addons\third\Third @action_begin [ RunTime:0.000048s ]
[ info ] [ RUN ] app\index\controller\Index->index[ /www/wwwroot/cuijingshui.zwzdoac.cn/application/index/controller/Index.php ]
[ info ] [ VIEW ] /www/wwwroot/cuijingshui.zwzdoac.cn/public/../application/index/view/index/index.html [ array (
  0 => 'user',
  1 => 'site',
  2 => 'config',
) ]
[ info ] [ BEHAVIOR ] Run \addons\shop\Shop @view_filter [ RunTime:0.000048s ]
[ info ] [ BEHAVIOR ] Run \addons\third\Third @view_filter [ RunTime:0.000036s ]
[ info ] [ LOG ] INIT File
---------------------------------------------------------------
[ 2024-03-27T03:24:50+08:00 ] 52.206.90.251 GET cuijingshui.zwzdoac.cn/
[运行时间：0.052763s] [吞吐率：18.95req/s] [内存消耗：3,076.33kb] [文件加载：79]
[ info ] [ BEHAVIOR ] Run Closure @app_init [ RunTime:0.000032s ]
[ info ] [ CACHE ] INIT File
[ info ] [ BEHAVIOR ] Run \addons\shop\Shop @app_init [ RunTime:0.003675s ]
[ info ] [ BEHAVIOR ] Run Closure @app_init [ RunTime:0.003720s ]
[ info ] [ BEHAVIOR ] Run app\common\behavior\Common @app_init [ RunTime:0.000598s ]
[ info ] [ LANG ] /www/wwwroot/cuijingshui.zwzdoac.cn/thinkphp/lang/zh-cn.php
[ info ] [ BEHAVIOR ] Run app\common\behavior\Common @app_dispatch [ RunTime:0.000031s ]
[ info ] [ ROUTE ] array (
  'type' => 'module',
  'module' => 
  array (
    0 => '',
    1 => NULL,
    2 => NULL,
  ),
)
[ info ] [ HEADER ] array (
  'connection' => 'close',
  'user-agent' => 'Python-urllib/3.8',
  'host' => 'cuijingshui.zwzdoac.cn',
  'accept-encoding' => 'identity',
  'content-length' => '',
  'content-type' => '',
)
[ info ] [ PARAM ] array (
)
[ info ] [ LANG ] /www/wwwroot/cuijingshui.zwzdoac.cn/public/../application/index/lang/zh-cn.php
[ info ] [ BEHAVIOR ] Run app\common\behavior\Common @module_init [ RunTime:0.003243s ]
[ info ] [ BEHAVIOR ] Run \addons\third\Third @module_init [ RunTime:0.000226s ]
[ info ] [ BEHAVIOR ] Run \addons\third\Third @config_init [ RunTime:0.000078s ]
[ info ] [ LANG ] /www/wwwroot/cuijingshui.zwzdoac.cn/public/../application/index/lang/zh-cn/index.php
[ info ] [ BEHAVIOR ] Run \addons\epay\Epay @action_begin [ RunTime:0.001299s ]
[ info ] [ BEHAVIOR ] Run \addons\third\Third @action_begin [ RunTime:0.000049s ]
[ info ] [ RUN ] app\index\controller\Index->index[ /www/wwwroot/cuijingshui.zwzdoac.cn/application/index/controller/Index.php ]
[ info ] [ VIEW ] /www/wwwroot/cuijingshui.zwzdoac.cn/public/../application/index/view/index/index.html [ array (
  0 => 'user',
  1 => 'site',
  2 => 'config',
) ]
[ info ] [ BEHAVIOR ] Run \addons\shop\Shop @view_filter [ RunTime:0.000145s ]
[ info ] [ BEHAVIOR ] Run \addons\third\Third @view_filter [ RunTime:0.000056s ]
[ info ] [ LOG ] INIT File
---------------------------------------------------------------
[ 2024-03-27T03:52:34+08:00 ] 59.83.208.108 GET cuijingshui.zwzdoac.cn/
[运行时间：0.042425s] [吞吐率：23.57req/s] [内存消耗：3,081.83kb] [文件加载：79]
[ info ] [ BEHAVIOR ] Run Closure @app_init [ RunTime:0.000041s ]
[ info ] [ CACHE ] INIT File
[ info ] [ BEHAVIOR ] Run \addons\shop\Shop @app_init [ RunTime:0.003975s ]
[ info ] [ BEHAVIOR ] Run Closure @app_init [ RunTime:0.004048s ]
[ info ] [ BEHAVIOR ] Run app\common\behavior\Common @app_init [ RunTime:0.000582s ]
[ info ] [ LANG ] /www/wwwroot/cuijingshui.zwzdoac.cn/thinkphp/lang/zh-cn.php
[ info ] [ BEHAVIOR ] Run app\common\behavior\Common @app_dispatch [ RunTime:0.000026s ]
[ info ] [ ROUTE ] array (
  'type' => 'module',
  'module' => 
  array (
    0 => '',
    1 => NULL,
    2 => NULL,
  ),
)
[ info ] [ HEADER ] array (
  'x-forwarded-for' => '1.15.173.107',
  'upgrade-insecure-requests' => '1',
  'referer' => 'http://cuijingshui.zwzdoac.cn/',
  'connection' => 'keep-alive',
  'cache-control' => 'max-age=0',
  'accept-language' => 'zh-CN,zh;q=0.9',
  'accept-encoding' => 'gzip, deflate',
  'accept' => 'text/html,application/xhtml+xml,application/xml;q=0.9,image/avif,image/webp,image/apng,*/*;q=0.8,application/signed-exchange;v=b3;q=0.9',
  'user-agent' => 'Python-urllib/3.8',
  'host' => 'cuijingshui.zwzdoac.cn',
  'content-length' => '',
  'content-type' => '',
)
[ info ] [ PARAM ] array (
)
[ info ] [ LANG ] /www/wwwroot/cuijingshui.zwzdoac.cn/public/../application/index/lang/zh-cn.php
[ info ] [ BEHAVIOR ] Run app\common\behavior\Common @module_init [ RunTime:0.001915s ]
[ info ] [ BEHAVIOR ] Run \addons\third\Third @module_init [ RunTime:0.000213s ]
[ info ] [ BEHAVIOR ] Run \addons\third\Third @config_init [ RunTime:0.000076s ]
[ info ] [ LANG ] /www/wwwroot/cuijingshui.zwzdoac.cn/public/../application/index/lang/zh-cn/index.php
[ info ] [ BEHAVIOR ] Run \addons\epay\Epay @action_begin [ RunTime:0.001282s ]
[ info ] [ BEHAVIOR ] Run \addons\third\Third @action_begin [ RunTime:0.000049s ]
[ info ] [ RUN ] app\index\controller\Index->index[ /www/wwwroot/cuijingshui.zwzdoac.cn/application/index/controller/Index.php ]
[ info ] [ VIEW ] /www/wwwroot/cuijingshui.zwzdoac.cn/public/../application/index/view/index/index.html [ array (
  0 => 'user',
  1 => 'site',
  2 => 'config',
) ]
[ info ] [ BEHAVIOR ] Run \addons\shop\Shop @view_filter [ RunTime:0.000044s ]
[ info ] [ BEHAVIOR ] Run \addons\third\Third @view_filter [ RunTime:0.000037s ]
[ info ] [ LOG ] INIT File
---------------------------------------------------------------
[ 2024-03-27T04:08:56+08:00 ] 220.196.160.76 GET cuijingshui.zwzdoac.cn/
[运行时间：0.042271s] [吞吐率：23.66req/s] [内存消耗：3,081.83kb] [文件加载：79]
[ info ] [ BEHAVIOR ] Run Closure @app_init [ RunTime:0.000033s ]
[ info ] [ CACHE ] INIT File
[ info ] [ BEHAVIOR ] Run \addons\shop\Shop @app_init [ RunTime:0.003941s ]
[ info ] [ BEHAVIOR ] Run Closure @app_init [ RunTime:0.003986s ]
[ info ] [ BEHAVIOR ] Run app\common\behavior\Common @app_init [ RunTime:0.000606s ]
[ info ] [ LANG ] /www/wwwroot/cuijingshui.zwzdoac.cn/thinkphp/lang/zh-cn.php
[ info ] [ BEHAVIOR ] Run app\common\behavior\Common @app_dispatch [ RunTime:0.000024s ]
[ info ] [ ROUTE ] array (
  'type' => 'module',
  'module' => 
  array (
    0 => '',
    1 => NULL,
    2 => NULL,
  ),
)
[ info ] [ HEADER ] array (
  'x-forwarded-for' => '1.15.173.107',
  'upgrade-insecure-requests' => '1',
  'referer' => 'http://cuijingshui.zwzdoac.cn',
  'connection' => 'keep-alive',
  'cache-control' => 'max-age=0',
  'accept-language' => 'zh-CN,zh;q=0.9',
  'accept-encoding' => 'gzip, deflate',
  'accept' => 'text/html,application/xhtml+xml,application/xml;q=0.9,image/avif,image/webp,image/apng,*/*;q=0.8,application/signed-exchange;v=b3;q=0.9',
  'user-agent' => 'Python-urllib/3.8',
  'host' => 'cuijingshui.zwzdoac.cn',
  'content-length' => '',
  'content-type' => '',
)
[ info ] [ PARAM ] array (
)
[ info ] [ LANG ] /www/wwwroot/cuijingshui.zwzdoac.cn/public/../application/index/lang/zh-cn.php
[ info ] [ BEHAVIOR ] Run app\common\behavior\Common @module_init [ RunTime:0.001855s ]
[ info ] [ BEHAVIOR ] Run \addons\third\Third @module_init [ RunTime:0.000208s ]
[ info ] [ BEHAVIOR ] Run \addons\third\Third @config_init [ RunTime:0.000080s ]
[ info ] [ LANG ] /www/wwwroot/cuijingshui.zwzdoac.cn/public/../application/index/lang/zh-cn/index.php
[ info ] [ BEHAVIOR ] Run \addons\epay\Epay @action_begin [ RunTime:0.001370s ]
[ info ] [ BEHAVIOR ] Run \addons\third\Third @action_begin [ RunTime:0.000051s ]
[ info ] [ RUN ] app\index\controller\Index->index[ /www/wwwroot/cuijingshui.zwzdoac.cn/application/index/controller/Index.php ]
[ info ] [ VIEW ] /www/wwwroot/cuijingshui.zwzdoac.cn/public/../application/index/view/index/index.html [ array (
  0 => 'user',
  1 => 'site',
  2 => 'config',
) ]
[ info ] [ BEHAVIOR ] Run \addons\shop\Shop @view_filter [ RunTime:0.000046s ]
[ info ] [ BEHAVIOR ] Run \addons\third\Third @view_filter [ RunTime:0.000036s ]
[ info ] [ LOG ] INIT File
---------------------------------------------------------------
[ 2024-03-27T04:08:57+08:00 ] 180.101.244.14 GET cuijingshui.zwzdoac.cn/
[运行时间：0.041202s] [吞吐率：24.27req/s] [内存消耗：3,081.87kb] [文件加载：79]
[ info ] [ BEHAVIOR ] Run Closure @app_init [ RunTime:0.000037s ]
[ info ] [ CACHE ] INIT File
[ info ] [ BEHAVIOR ] Run \addons\shop\Shop @app_init [ RunTime:0.003814s ]
[ info ] [ BEHAVIOR ] Run Closure @app_init [ RunTime:0.003879s ]
[ info ] [ BEHAVIOR ] Run app\common\behavior\Common @app_init [ RunTime:0.000621s ]
[ info ] [ LANG ] /www/wwwroot/cuijingshui.zwzdoac.cn/thinkphp/lang/zh-cn.php
[ info ] [ BEHAVIOR ] Run app\common\behavior\Common @app_dispatch [ RunTime:0.000024s ]
[ info ] [ ROUTE ] array (
  'type' => 'module',
  'module' => 
  array (
    0 => '',
    1 => NULL,
    2 => NULL,
  ),
)
[ info ] [ HEADER ] array (
  'accept-encoding' => 'gzip, deflate, br',
  'sec-fetch-dest' => 'document',
  'sec-fetch-user' => '?1',
  'sec-fetch-mode' => 'navigate',
  'sec-fetch-site' => 'none',
  'accept' => 'text/html,application/xhtml+xml,application/xml;q=0.9,image/avif,image/webp,image/apng,*/*;q=0.8,application/signed-exchange;v=b3;q=0.9',
  'accept-language' => 'zh-CN,zh;q=0.9',
  'user-agent' => 'Python-urllib/3.8',
  'upgrade-insecure-requests' => '1',
  'host' => 'cuijingshui.zwzdoac.cn',
  'content-length' => '',
  'content-type' => '',
)
[ info ] [ PARAM ] array (
)
[ info ] [ LANG ] /www/wwwroot/cuijingshui.zwzdoac.cn/public/../application/index/lang/zh-cn.php
[ info ] [ BEHAVIOR ] Run app\common\behavior\Common @module_init [ RunTime:0.001778s ]
[ info ] [ BEHAVIOR ] Run \addons\third\Third @module_init [ RunTime:0.000226s ]
[ info ] [ BEHAVIOR ] Run \addons\third\Third @config_init [ RunTime:0.000084s ]
[ info ] [ LANG ] /www/wwwroot/cuijingshui.zwzdoac.cn/public/../application/index/lang/zh-cn/index.php
[ info ] [ BEHAVIOR ] Run \addons\epay\Epay @action_begin [ RunTime:0.001312s ]
[ info ] [ BEHAVIOR ] Run \addons\third\Third @action_begin [ RunTime:0.000048s ]
[ info ] [ RUN ] app\index\controller\Index->index[ /www/wwwroot/cuijingshui.zwzdoac.cn/application/index/controller/Index.php ]
[ info ] [ VIEW ] /www/wwwroot/cuijingshui.zwzdoac.cn/public/../application/index/view/index/index.html [ array (
  0 => 'user',
  1 => 'site',
  2 => 'config',
) ]
[ info ] [ BEHAVIOR ] Run \addons\shop\Shop @view_filter [ RunTime:0.000046s ]
[ info ] [ BEHAVIOR ] Run \addons\third\Third @view_filter [ RunTime:0.000036s ]
[ info ] [ LOG ] INIT File
---------------------------------------------------------------
[ 2024-03-27T04:29:43+08:00 ] 180.163.29.103 GET cuijingshui.zwzdoac.cn/
[运行时间：0.041766s] [吞吐率：23.94req/s] [内存消耗：3,077.70kb] [文件加载：79]
[ info ] [ BEHAVIOR ] Run Closure @app_init [ RunTime:0.000034s ]
[ info ] [ CACHE ] INIT File
[ info ] [ BEHAVIOR ] Run \addons\shop\Shop @app_init [ RunTime:0.003750s ]
[ info ] [ BEHAVIOR ] Run Closure @app_init [ RunTime:0.003808s ]
[ info ] [ BEHAVIOR ] Run app\common\behavior\Common @app_init [ RunTime:0.000622s ]
[ info ] [ LANG ] /www/wwwroot/cuijingshui.zwzdoac.cn/thinkphp/lang/zh-cn.php
[ info ] [ BEHAVIOR ] Run app\common\behavior\Common @app_dispatch [ RunTime:0.000027s ]
[ info ] [ ROUTE ] array (
  'type' => 'module',
  'module' => 
  array (
    0 => '',
    1 => NULL,
    2 => NULL,
  ),
)
[ info ] [ HEADER ] array (
  'accept-language' => 'zh-CN,zh;q=0.8,en-US;q=0.6,en;q=0.4',
  'accept' => '*/*',
  'user-agent' => 'Mozilla/5.0 (Windows NT 6.1; WOW64; Trident/7.0; SLCC2; .NET CLR 2.0.50727; .NET CLR 3.5.30729; .NET CLR 3.0.30729; Media Center PC 6.0; .NET4.0C; .NET4.0E; InfoPath.3; rv:11.0) like Gecko',
  'host' => 'cuijingshui.zwzdoac.cn',
  'content-length' => '',
  'content-type' => '',
)
[ info ] [ PARAM ] array (
)
[ info ] [ LANG ] /www/wwwroot/cuijingshui.zwzdoac.cn/public/../application/index/lang/zh-cn.php
[ info ] [ BEHAVIOR ] Run app\common\behavior\Common @module_init [ RunTime:0.001830s ]
[ info ] [ BEHAVIOR ] Run \addons\third\Third @module_init [ RunTime:0.000224s ]
[ info ] [ BEHAVIOR ] Run \addons\third\Third @config_init [ RunTime:0.000080s ]
[ info ] [ LANG ] /www/wwwroot/cuijingshui.zwzdoac.cn/public/../application/index/lang/zh-cn/index.php
[ info ] [ BEHAVIOR ] Run \addons\epay\Epay @action_begin [ RunTime:0.001311s ]
[ info ] [ BEHAVIOR ] Run \addons\third\Third @action_begin [ RunTime:0.000050s ]
[ info ] [ RUN ] app\index\controller\Index->index[ /www/wwwroot/cuijingshui.zwzdoac.cn/application/index/controller/Index.php ]
[ info ] [ VIEW ] /www/wwwroot/cuijingshui.zwzdoac.cn/public/../application/index/view/index/index.html [ array (
  0 => 'user',
  1 => 'site',
  2 => 'config',
) ]
[ info ] [ BEHAVIOR ] Run \addons\shop\Shop @view_filter [ RunTime:0.000048s ]
[ info ] [ BEHAVIOR ] Run \addons\third\Third @view_filter [ RunTime:0.000036s ]
[ info ] [ LOG ] INIT File
---------------------------------------------------------------
[ 2024-03-27T04:32:07+08:00 ] 52.206.90.251 GET cuijingshui.zwzdoac.cn/
[运行时间：0.041156s] [吞吐率：24.30req/s] [内存消耗：3,076.33kb] [文件加载：79]
[ info ] [ BEHAVIOR ] Run Closure @app_init [ RunTime:0.000039s ]
[ info ] [ CACHE ] INIT File
[ info ] [ BEHAVIOR ] Run \addons\shop\Shop @app_init [ RunTime:0.003776s ]
[ info ] [ BEHAVIOR ] Run Closure @app_init [ RunTime:0.003826s ]
[ info ] [ BEHAVIOR ] Run app\common\behavior\Common @app_init [ RunTime:0.000566s ]
[ info ] [ LANG ] /www/wwwroot/cuijingshui.zwzdoac.cn/thinkphp/lang/zh-cn.php
[ info ] [ BEHAVIOR ] Run app\common\behavior\Common @app_dispatch [ RunTime:0.000025s ]
[ info ] [ ROUTE ] array (
  'type' => 'module',
  'module' => 
  array (
    0 => '',
    1 => NULL,
    2 => NULL,
  ),
)
[ info ] [ HEADER ] array (
  'connection' => 'close',
  'user-agent' => 'Python-urllib/3.8',
  'host' => 'cuijingshui.zwzdoac.cn',
  'accept-encoding' => 'identity',
  'content-length' => '',
  'content-type' => '',
)
[ info ] [ PARAM ] array (
)
[ info ] [ LANG ] /www/wwwroot/cuijingshui.zwzdoac.cn/public/../application/index/lang/zh-cn.php
[ info ] [ BEHAVIOR ] Run app\common\behavior\Common @module_init [ RunTime:0.001751s ]
[ info ] [ BEHAVIOR ] Run \addons\third\Third @module_init [ RunTime:0.000210s ]
[ info ] [ BEHAVIOR ] Run \addons\third\Third @config_init [ RunTime:0.000078s ]
[ info ] [ LANG ] /www/wwwroot/cuijingshui.zwzdoac.cn/public/../application/index/lang/zh-cn/index.php
[ info ] [ BEHAVIOR ] Run \addons\epay\Epay @action_begin [ RunTime:0.001271s ]
[ info ] [ BEHAVIOR ] Run \addons\third\Third @action_begin [ RunTime:0.000059s ]
[ info ] [ RUN ] app\index\controller\Index->index[ /www/wwwroot/cuijingshui.zwzdoac.cn/application/index/controller/Index.php ]
[ info ] [ VIEW ] /www/wwwroot/cuijingshui.zwzdoac.cn/public/../application/index/view/index/index.html [ array (
  0 => 'user',
  1 => 'site',
  2 => 'config',
) ]
[ info ] [ BEHAVIOR ] Run \addons\shop\Shop @view_filter [ RunTime:0.000047s ]
[ info ] [ BEHAVIOR ] Run \addons\third\Third @view_filter [ RunTime:0.000036s ]
[ info ] [ LOG ] INIT File
---------------------------------------------------------------
[ 2024-03-27T08:31:27+08:00 ] 52.206.90.251 GET cuijingshui.zwzdoac.cn/
[运行时间：0.070766s] [吞吐率：14.13req/s] [内存消耗：3,101.53kb] [文件加载：78]
[ info ] [ BEHAVIOR ] Run Closure @app_init [ RunTime:0.000036s ]
[ info ] [ CACHE ] INIT File
[ info ] [ BEHAVIOR ] Run \addons\shop\Shop @app_init [ RunTime:0.004009s ]
[ info ] [ BEHAVIOR ] Run Closure @app_init [ RunTime:0.004060s ]
[ info ] [ BEHAVIOR ] Run app\common\behavior\Common @app_init [ RunTime:0.000578s ]
[ info ] [ LANG ] /www/wwwroot/cuijingshui.zwzdoac.cn/thinkphp/lang/zh-cn.php
[ info ] [ BEHAVIOR ] Run app\common\behavior\Common @app_dispatch [ RunTime:0.000029s ]
[ info ] [ ROUTE ] array (
  'type' => 'module',
  'module' => 
  array (
    0 => '',
    1 => NULL,
    2 => NULL,
  ),
)
[ info ] [ HEADER ] array (
  'connection' => 'close',
  'user-agent' => 'Python-urllib/3.8',
  'host' => 'cuijingshui.zwzdoac.cn',
  'accept-encoding' => 'identity',
  'content-length' => '',
  'content-type' => '',
)
[ info ] [ PARAM ] array (
)
[ info ] [ LANG ] /www/wwwroot/cuijingshui.zwzdoac.cn/public/../application/index/lang/zh-cn.php
[ info ] [ BEHAVIOR ] Run app\common\behavior\Common @module_init [ RunTime:0.003358s ]
[ info ] [ BEHAVIOR ] Run \addons\third\Third @module_init [ RunTime:0.000843s ]
[ info ] [ BEHAVIOR ] Run \addons\third\Third @config_init [ RunTime:0.000182s ]
[ info ] [ LANG ] /www/wwwroot/cuijingshui.zwzdoac.cn/public/../application/index/lang/zh-cn/index.php
[ info ] [ BEHAVIOR ] Run \addons\epay\Epay @action_begin [ RunTime:0.002917s ]
[ info ] [ BEHAVIOR ] Run \addons\third\Third @action_begin [ RunTime:0.000067s ]
[ info ] [ RUN ] app\index\controller\Index->index[ /www/wwwroot/cuijingshui.zwzdoac.cn/application/index/controller/Index.php ]
[ info ] [ VIEW ] /www/wwwroot/cuijingshui.zwzdoac.cn/public/../application/index/view/index/index.html [ array (
  0 => 'user',
  1 => 'site',
  2 => 'config',
) ]
[ info ] [ BEHAVIOR ] Run \addons\shop\Shop @view_filter [ RunTime:0.000053s ]
[ info ] [ BEHAVIOR ] Run \addons\third\Third @view_filter [ RunTime:0.000038s ]
[ info ] [ LOG ] INIT File
---------------------------------------------------------------
[ 2024-03-27T08:48:44+08:00 ] 52.206.90.251 GET cuijingshui.zwzdoac.cn/
[运行时间：0.047386s] [吞吐率：21.10req/s] [内存消耗：3,076.33kb] [文件加载：79]
[ info ] [ BEHAVIOR ] Run Closure @app_init [ RunTime:0.000039s ]
[ info ] [ CACHE ] INIT File
[ info ] [ BEHAVIOR ] Run \addons\shop\Shop @app_init [ RunTime:0.004101s ]
[ info ] [ BEHAVIOR ] Run Closure @app_init [ RunTime:0.004173s ]
[ info ] [ BEHAVIOR ] Run app\common\behavior\Common @app_init [ RunTime:0.000636s ]
[ info ] [ LANG ] /www/wwwroot/cuijingshui.zwzdoac.cn/thinkphp/lang/zh-cn.php
[ info ] [ BEHAVIOR ] Run app\common\behavior\Common @app_dispatch [ RunTime:0.000026s ]
[ info ] [ ROUTE ] array (
  'type' => 'module',
  'module' => 
  array (
    0 => '',
    1 => NULL,
    2 => NULL,
  ),
)
[ info ] [ HEADER ] array (
  'connection' => 'close',
  'user-agent' => 'Python-urllib/3.8',
  'host' => 'cuijingshui.zwzdoac.cn',
  'accept-encoding' => 'identity',
  'content-length' => '',
  'content-type' => '',
)
[ info ] [ PARAM ] array (
)
[ info ] [ LANG ] /www/wwwroot/cuijingshui.zwzdoac.cn/public/../application/index/lang/zh-cn.php
[ info ] [ BEHAVIOR ] Run app\common\behavior\Common @module_init [ RunTime:0.001886s ]
[ info ] [ BEHAVIOR ] Run \addons\third\Third @module_init [ RunTime:0.000239s ]
[ info ] [ BEHAVIOR ] Run \addons\third\Third @config_init [ RunTime:0.000093s ]
[ info ] [ LANG ] /www/wwwroot/cuijingshui.zwzdoac.cn/public/../application/index/lang/zh-cn/index.php
[ info ] [ BEHAVIOR ] Run \addons\epay\Epay @action_begin [ RunTime:0.001284s ]
[ info ] [ BEHAVIOR ] Run \addons\third\Third @action_begin [ RunTime:0.000049s ]
[ info ] [ RUN ] app\index\controller\Index->index[ /www/wwwroot/cuijingshui.zwzdoac.cn/application/index/controller/Index.php ]
[ info ] [ VIEW ] /www/wwwroot/cuijingshui.zwzdoac.cn/public/../application/index/view/index/index.html [ array (
  0 => 'user',
  1 => 'site',
  2 => 'config',
) ]
[ info ] [ BEHAVIOR ] Run \addons\shop\Shop @view_filter [ RunTime:0.000046s ]
[ info ] [ BEHAVIOR ] Run \addons\third\Third @view_filter [ RunTime:0.000035s ]
[ info ] [ LOG ] INIT File
---------------------------------------------------------------
[ 2024-03-27T09:44:48+08:00 ] 180.101.245.251 GET cuijingshui.zwzdoac.cn/
[运行时间：0.041204s] [吞吐率：24.27req/s] [内存消耗：3,081.83kb] [文件加载：79]
[ info ] [ BEHAVIOR ] Run Closure @app_init [ RunTime:0.000030s ]
[ info ] [ CACHE ] INIT File
[ info ] [ BEHAVIOR ] Run \addons\shop\Shop @app_init [ RunTime:0.003838s ]
[ info ] [ BEHAVIOR ] Run Closure @app_init [ RunTime:0.003887s ]
[ info ] [ BEHAVIOR ] Run app\common\behavior\Common @app_init [ RunTime:0.000619s ]
[ info ] [ LANG ] /www/wwwroot/cuijingshui.zwzdoac.cn/thinkphp/lang/zh-cn.php
[ info ] [ BEHAVIOR ] Run app\common\behavior\Common @app_dispatch [ RunTime:0.000025s ]
[ info ] [ ROUTE ] array (
  'type' => 'module',
  'module' => 
  array (
    0 => '',
    1 => NULL,
    2 => NULL,
  ),
)
[ info ] [ HEADER ] array (
  'x-forwarded-for' => '1.15.173.107',
  'upgrade-insecure-requests' => '1',
  'referer' => 'http://cuijingshui.zwzdoac.cn/',
  'connection' => 'keep-alive',
  'cache-control' => 'max-age=0',
  'accept-language' => 'zh-CN,zh;q=0.9',
  'accept-encoding' => 'gzip, deflate',
  'accept' => 'text/html,application/xhtml+xml,application/xml;q=0.9,image/avif,image/webp,image/apng,*/*;q=0.8,application/signed-exchange;v=b3;q=0.9',
  'user-agent' => 'Python-urllib/3.8',
  'host' => 'cuijingshui.zwzdoac.cn',
  'content-length' => '',
  'content-type' => '',
)
[ info ] [ PARAM ] array (
)
[ info ] [ LANG ] /www/wwwroot/cuijingshui.zwzdoac.cn/public/../application/index/lang/zh-cn.php
[ info ] [ BEHAVIOR ] Run app\common\behavior\Common @module_init [ RunTime:0.001755s ]
[ info ] [ BEHAVIOR ] Run \addons\third\Third @module_init [ RunTime:0.000207s ]
[ info ] [ BEHAVIOR ] Run \addons\third\Third @config_init [ RunTime:0.000076s ]
[ info ] [ LANG ] /www/wwwroot/cuijingshui.zwzdoac.cn/public/../application/index/lang/zh-cn/index.php
[ info ] [ BEHAVIOR ] Run \addons\epay\Epay @action_begin [ RunTime:0.001282s ]
[ info ] [ BEHAVIOR ] Run \addons\third\Third @action_begin [ RunTime:0.000048s ]
[ info ] [ RUN ] app\index\controller\Index->index[ /www/wwwroot/cuijingshui.zwzdoac.cn/application/index/controller/Index.php ]
[ info ] [ VIEW ] /www/wwwroot/cuijingshui.zwzdoac.cn/public/../application/index/view/index/index.html [ array (
  0 => 'user',
  1 => 'site',
  2 => 'config',
) ]
[ info ] [ BEHAVIOR ] Run \addons\shop\Shop @view_filter [ RunTime:0.000056s ]
[ info ] [ BEHAVIOR ] Run \addons\third\Third @view_filter [ RunTime:0.000036s ]
[ info ] [ LOG ] INIT File
---------------------------------------------------------------
[ 2024-03-27T10:36:39+08:00 ] 52.206.90.251 GET cuijingshui.zwzdoac.cn/
[运行时间：0.045075s] [吞吐率：22.19req/s] [内存消耗：3,076.33kb] [文件加载：79]
[ info ] [ BEHAVIOR ] Run Closure @app_init [ RunTime:0.000030s ]
[ info ] [ CACHE ] INIT File
[ info ] [ BEHAVIOR ] Run \addons\shop\Shop @app_init [ RunTime:0.003812s ]
[ info ] [ BEHAVIOR ] Run Closure @app_init [ RunTime:0.003862s ]
[ info ] [ BEHAVIOR ] Run app\common\behavior\Common @app_init [ RunTime:0.000615s ]
[ info ] [ LANG ] /www/wwwroot/cuijingshui.zwzdoac.cn/thinkphp/lang/zh-cn.php
[ info ] [ BEHAVIOR ] Run app\common\behavior\Common @app_dispatch [ RunTime:0.000025s ]
[ info ] [ ROUTE ] array (
  'type' => 'module',
  'module' => 
  array (
    0 => '',
    1 => NULL,
    2 => NULL,
  ),
)
[ info ] [ HEADER ] array (
  'connection' => 'close',
  'user-agent' => 'Python-urllib/3.8',
  'host' => 'cuijingshui.zwzdoac.cn',
  'accept-encoding' => 'identity',
  'content-length' => '',
  'content-type' => '',
)
[ info ] [ PARAM ] array (
)
[ info ] [ LANG ] /www/wwwroot/cuijingshui.zwzdoac.cn/public/../application/index/lang/zh-cn.php
[ info ] [ BEHAVIOR ] Run app\common\behavior\Common @module_init [ RunTime:0.001914s ]
[ info ] [ BEHAVIOR ] Run \addons\third\Third @module_init [ RunTime:0.001145s ]
[ info ] [ BEHAVIOR ] Run \addons\third\Third @config_init [ RunTime:0.000081s ]
[ info ] [ LANG ] /www/wwwroot/cuijingshui.zwzdoac.cn/public/../application/index/lang/zh-cn/index.php
[ info ] [ BEHAVIOR ] Run \addons\epay\Epay @action_begin [ RunTime:0.001379s ]
[ info ] [ BEHAVIOR ] Run \addons\third\Third @action_begin [ RunTime:0.000055s ]
[ info ] [ RUN ] app\index\controller\Index->index[ /www/wwwroot/cuijingshui.zwzdoac.cn/application/index/controller/Index.php ]
[ info ] [ VIEW ] /www/wwwroot/cuijingshui.zwzdoac.cn/public/../application/index/view/index/index.html [ array (
  0 => 'user',
  1 => 'site',
  2 => 'config',
) ]
[ info ] [ BEHAVIOR ] Run \addons\shop\Shop @view_filter [ RunTime:0.000094s ]
[ info ] [ BEHAVIOR ] Run \addons\third\Third @view_filter [ RunTime:0.000070s ]
[ info ] [ LOG ] INIT File
---------------------------------------------------------------
[ 2024-03-27T10:53:54+08:00 ] 52.206.90.251 GET cuijingshui.zwzdoac.cn/
[运行时间：0.042178s] [吞吐率：23.71req/s] [内存消耗：3,076.33kb] [文件加载：79]
[ info ] [ BEHAVIOR ] Run Closure @app_init [ RunTime:0.000027s ]
[ info ] [ CACHE ] INIT File
[ info ] [ BEHAVIOR ] Run \addons\shop\Shop @app_init [ RunTime:0.004170s ]
[ info ] [ BEHAVIOR ] Run Closure @app_init [ RunTime:0.004220s ]
[ info ] [ BEHAVIOR ] Run app\common\behavior\Common @app_init [ RunTime:0.000835s ]
[ info ] [ LANG ] /www/wwwroot/cuijingshui.zwzdoac.cn/thinkphp/lang/zh-cn.php
[ info ] [ BEHAVIOR ] Run app\common\behavior\Common @app_dispatch [ RunTime:0.000049s ]
[ info ] [ ROUTE ] array (
  'type' => 'module',
  'module' => 
  array (
    0 => '',
    1 => NULL,
    2 => NULL,
  ),
)
[ info ] [ HEADER ] array (
  'connection' => 'close',
  'user-agent' => 'Python-urllib/3.8',
  'host' => 'cuijingshui.zwzdoac.cn',
  'accept-encoding' => 'identity',
  'content-length' => '',
  'content-type' => '',
)
[ info ] [ PARAM ] array (
)
[ info ] [ LANG ] /www/wwwroot/cuijingshui.zwzdoac.cn/public/../application/index/lang/zh-cn.php
[ info ] [ BEHAVIOR ] Run app\common\behavior\Common @module_init [ RunTime:0.001906s ]
[ info ] [ BEHAVIOR ] Run \addons\third\Third @module_init [ RunTime:0.000293s ]
[ info ] [ BEHAVIOR ] Run \addons\third\Third @config_init [ RunTime:0.000080s ]
[ info ] [ LANG ] /www/wwwroot/cuijingshui.zwzdoac.cn/public/../application/index/lang/zh-cn/index.php
[ info ] [ BEHAVIOR ] Run \addons\epay\Epay @action_begin [ RunTime:0.001285s ]
[ info ] [ BEHAVIOR ] Run \addons\third\Third @action_begin [ RunTime:0.000050s ]
[ info ] [ RUN ] app\index\controller\Index->index[ /www/wwwroot/cuijingshui.zwzdoac.cn/application/index/controller/Index.php ]
[ info ] [ VIEW ] /www/wwwroot/cuijingshui.zwzdoac.cn/public/../application/index/view/index/index.html [ array (
  0 => 'user',
  1 => 'site',
  2 => 'config',
) ]
[ info ] [ BEHAVIOR ] Run \addons\shop\Shop @view_filter [ RunTime:0.000048s ]
[ info ] [ BEHAVIOR ] Run \addons\third\Third @view_filter [ RunTime:0.000036s ]
[ info ] [ LOG ] INIT File
---------------------------------------------------------------
[ 2024-03-27T11:10:05+08:00 ] 52.206.90.251 GET cuijingshui.zwzdoac.cn/
[运行时间：0.059420s] [吞吐率：16.83req/s] [内存消耗：3,076.33kb] [文件加载：79]
[ info ] [ BEHAVIOR ] Run Closure @app_init [ RunTime:0.000039s ]
[ info ] [ CACHE ] INIT File
[ info ] [ BEHAVIOR ] Run \addons\shop\Shop @app_init [ RunTime:0.005761s ]
[ info ] [ BEHAVIOR ] Run Closure @app_init [ RunTime:0.005829s ]
[ info ] [ BEHAVIOR ] Run app\common\behavior\Common @app_init [ RunTime:0.000818s ]
[ info ] [ LANG ] /www/wwwroot/cuijingshui.zwzdoac.cn/thinkphp/lang/zh-cn.php
[ info ] [ BEHAVIOR ] Run app\common\behavior\Common @app_dispatch [ RunTime:0.000032s ]
[ info ] [ ROUTE ] array (
  'type' => 'module',
  'module' => 
  array (
    0 => '',
    1 => NULL,
    2 => NULL,
  ),
)
[ info ] [ HEADER ] array (
  'connection' => 'close',
  'user-agent' => 'Python-urllib/3.8',
  'host' => 'cuijingshui.zwzdoac.cn',
  'accept-encoding' => 'identity',
  'content-length' => '',
  'content-type' => '',
)
[ info ] [ PARAM ] array (
)
[ info ] [ LANG ] /www/wwwroot/cuijingshui.zwzdoac.cn/public/../application/index/lang/zh-cn.php
[ info ] [ BEHAVIOR ] Run app\common\behavior\Common @module_init [ RunTime:0.002695s ]
[ info ] [ BEHAVIOR ] Run \addons\third\Third @module_init [ RunTime:0.000310s ]
[ info ] [ BEHAVIOR ] Run \addons\third\Third @config_init [ RunTime:0.000117s ]
[ info ] [ LANG ] /www/wwwroot/cuijingshui.zwzdoac.cn/public/../application/index/lang/zh-cn/index.php
[ info ] [ BEHAVIOR ] Run \addons\epay\Epay @action_begin [ RunTime:0.002033s ]
[ info ] [ BEHAVIOR ] Run \addons\third\Third @action_begin [ RunTime:0.000071s ]
[ info ] [ RUN ] app\index\controller\Index->index[ /www/wwwroot/cuijingshui.zwzdoac.cn/application/index/controller/Index.php ]
[ info ] [ VIEW ] /www/wwwroot/cuijingshui.zwzdoac.cn/public/../application/index/view/index/index.html [ array (
  0 => 'user',
  1 => 'site',
  2 => 'config',
) ]
[ info ] [ BEHAVIOR ] Run \addons\shop\Shop @view_filter [ RunTime:0.000060s ]
[ info ] [ BEHAVIOR ] Run \addons\third\Third @view_filter [ RunTime:0.000048s ]
[ info ] [ LOG ] INIT File
---------------------------------------------------------------
[ 2024-03-27T12:28:59+08:00 ] 198.235.24.89 GET cuijingshui.zwzdoac.cn/
[运行时间：0.041387s] [吞吐率：24.16req/s] [内存消耗：3,077.63kb] [文件加载：79]
[ info ] [ BEHAVIOR ] Run Closure @app_init [ RunTime:0.000029s ]
[ info ] [ CACHE ] INIT File
[ info ] [ BEHAVIOR ] Run \addons\shop\Shop @app_init [ RunTime:0.003703s ]
[ info ] [ BEHAVIOR ] Run Closure @app_init [ RunTime:0.003750s ]
[ info ] [ BEHAVIOR ] Run app\common\behavior\Common @app_init [ RunTime:0.000613s ]
[ info ] [ LANG ] /www/wwwroot/cuijingshui.zwzdoac.cn/thinkphp/lang/zh-cn.php
[ info ] [ BEHAVIOR ] Run app\common\behavior\Common @app_dispatch [ RunTime:0.000023s ]
[ info ] [ ROUTE ] array (
  'type' => 'module',
  'module' => 
  array (
    0 => '',
    1 => NULL,
    2 => NULL,
  ),
)
[ info ] [ HEADER ] array (
  'user-agent' => 'Expanse, a Palo Alto Networks company, searches across the global IPv4 space multiple times per day to identify customers&#39; presences on the Internet. If you would like to be excluded from our scans, please send IP addresses/domains to: scaninfo@paloaltonetworks.com',
  'host' => 'cuijingshui.zwzdoac.cn',
  'content-length' => '',
  'content-type' => '',
)
[ info ] [ PARAM ] array (
)
[ info ] [ LANG ] /www/wwwroot/cuijingshui.zwzdoac.cn/public/../application/index/lang/zh-cn.php
[ info ] [ BEHAVIOR ] Run app\common\behavior\Common @module_init [ RunTime:0.001786s ]
[ info ] [ BEHAVIOR ] Run \addons\third\Third @module_init [ RunTime:0.000214s ]
[ info ] [ BEHAVIOR ] Run \addons\third\Third @config_init [ RunTime:0.000085s ]
[ info ] [ LANG ] /www/wwwroot/cuijingshui.zwzdoac.cn/public/../application/index/lang/zh-cn/index.php
[ info ] [ BEHAVIOR ] Run \addons\epay\Epay @action_begin [ RunTime:0.001338s ]
[ info ] [ BEHAVIOR ] Run \addons\third\Third @action_begin [ RunTime:0.000050s ]
[ info ] [ RUN ] app\index\controller\Index->index[ /www/wwwroot/cuijingshui.zwzdoac.cn/application/index/controller/Index.php ]
[ info ] [ VIEW ] /www/wwwroot/cuijingshui.zwzdoac.cn/public/../application/index/view/index/index.html [ array (
  0 => 'user',
  1 => 'site',
  2 => 'config',
) ]
[ info ] [ BEHAVIOR ] Run \addons\shop\Shop @view_filter [ RunTime:0.000046s ]
[ info ] [ BEHAVIOR ] Run \addons\third\Third @view_filter [ RunTime:0.000036s ]
[ info ] [ LOG ] INIT File
---------------------------------------------------------------
[ 2024-03-27T21:56:46+08:00 ] 52.206.90.251 GET cuijingshui.zwzdoac.cn/
[运行时间：0.067673s] [吞吐率：14.78req/s] [内存消耗：3,076.33kb] [文件加载：79]
[ info ] [ BEHAVIOR ] Run Closure @app_init [ RunTime:0.000031s ]
[ info ] [ CACHE ] INIT File
[ info ] [ BEHAVIOR ] Run \addons\shop\Shop @app_init [ RunTime:0.003790s ]
[ info ] [ BEHAVIOR ] Run Closure @app_init [ RunTime:0.003842s ]
[ info ] [ BEHAVIOR ] Run app\common\behavior\Common @app_init [ RunTime:0.000621s ]
[ info ] [ LANG ] /www/wwwroot/cuijingshui.zwzdoac.cn/thinkphp/lang/zh-cn.php
[ info ] [ BEHAVIOR ] Run app\common\behavior\Common @app_dispatch [ RunTime:0.000032s ]
[ info ] [ ROUTE ] array (
  'type' => 'module',
  'module' => 
  array (
    0 => '',
    1 => NULL,
    2 => NULL,
  ),
)
[ info ] [ HEADER ] array (
  'connection' => 'close',
  'user-agent' => 'Python-urllib/3.8',
  'host' => 'cuijingshui.zwzdoac.cn',
  'accept-encoding' => 'identity',
  'content-length' => '',
  'content-type' => '',
)
[ info ] [ PARAM ] array (
)
[ info ] [ LANG ] /www/wwwroot/cuijingshui.zwzdoac.cn/public/../application/index/lang/zh-cn.php
[ info ] [ BEHAVIOR ] Run app\common\behavior\Common @module_init [ RunTime:0.003594s ]
[ info ] [ BEHAVIOR ] Run \addons\third\Third @module_init [ RunTime:0.000909s ]
[ info ] [ BEHAVIOR ] Run \addons\third\Third @config_init [ RunTime:0.000089s ]
[ info ] [ LANG ] /www/wwwroot/cuijingshui.zwzdoac.cn/public/../application/index/lang/zh-cn/index.php
[ info ] [ BEHAVIOR ] Run \addons\epay\Epay @action_begin [ RunTime:0.002974s ]
[ info ] [ BEHAVIOR ] Run \addons\third\Third @action_begin [ RunTime:0.000060s ]
[ info ] [ RUN ] app\index\controller\Index->index[ /www/wwwroot/cuijingshui.zwzdoac.cn/application/index/controller/Index.php ]
[ info ] [ VIEW ] /www/wwwroot/cuijingshui.zwzdoac.cn/public/../application/index/view/index/index.html [ array (
  0 => 'user',
  1 => 'site',
  2 => 'config',
) ]
[ info ] [ BEHAVIOR ] Run \addons\shop\Shop @view_filter [ RunTime:0.000049s ]
[ info ] [ BEHAVIOR ] Run \addons\third\Third @view_filter [ RunTime:0.000038s ]
[ info ] [ LOG ] INIT File
---------------------------------------------------------------
[ 2024-03-27T21:56:48+08:00 ] 180.101.245.250 GET cuijingshui.zwzdoac.cn/
[运行时间：0.041574s] [吞吐率：24.05req/s] [内存消耗：3,080.96kb] [文件加载：79]
[ info ] [ BEHAVIOR ] Run Closure @app_init [ RunTime:0.000032s ]
[ info ] [ CACHE ] INIT File
[ info ] [ BEHAVIOR ] Run \addons\shop\Shop @app_init [ RunTime:0.003853s ]
[ info ] [ BEHAVIOR ] Run Closure @app_init [ RunTime:0.003902s ]
[ info ] [ BEHAVIOR ] Run app\common\behavior\Common @app_init [ RunTime:0.000655s ]
[ info ] [ LANG ] /www/wwwroot/cuijingshui.zwzdoac.cn/thinkphp/lang/zh-cn.php
[ info ] [ BEHAVIOR ] Run app\common\behavior\Common @app_dispatch [ RunTime:0.000026s ]
[ info ] [ ROUTE ] array (
  'type' => 'module',
  'module' => 
  array (
    0 => '',
    1 => NULL,
    2 => NULL,
  ),
)
[ info ] [ HEADER ] array (
  'x-forwarded-for' => '1.15.173.107',
  'upgrade-insecure-requests' => '1',
  'connection' => 'keep-alive',
  'cache-control' => 'max-age=0',
  'accept-language' => 'zh-CN,zh;q=0.9',
  'accept-encoding' => 'gzip, deflate',
  'accept' => 'text/html,application/xhtml+xml,application/xml;q=0.9,image/avif,image/webp,image/apng,*/*;q=0.8,application/signed-exchange;v=b3;q=0.9',
  'user-agent' => 'Mozilla/5.0 (iPhone; CPU iPhone os 15_4 like Mac OS X) AppleWebKit/605.1.15 (KHTML, like Gecko) Version/15.4 Mobile/11D257 Safari/604.1',
  'host' => 'cuijingshui.zwzdoac.cn',
  'content-length' => '',
  'content-type' => '',
)
[ info ] [ PARAM ] array (
)
[ info ] [ LANG ] /www/wwwroot/cuijingshui.zwzdoac.cn/public/../application/index/lang/zh-cn.php
[ info ] [ BEHAVIOR ] Run app\common\behavior\Common @module_init [ RunTime:0.001799s ]
[ info ] [ BEHAVIOR ] Run \addons\third\Third @module_init [ RunTime:0.000231s ]
[ info ] [ BEHAVIOR ] Run \addons\third\Third @config_init [ RunTime:0.000086s ]
[ info ] [ LANG ] /www/wwwroot/cuijingshui.zwzdoac.cn/public/../application/index/lang/zh-cn/index.php
[ info ] [ BEHAVIOR ] Run \addons\epay\Epay @action_begin [ RunTime:0.001342s ]
[ info ] [ BEHAVIOR ] Run \addons\third\Third @action_begin [ RunTime:0.000074s ]
[ info ] [ RUN ] app\index\controller\Index->index[ /www/wwwroot/cuijingshui.zwzdoac.cn/application/index/controller/Index.php ]
[ info ] [ VIEW ] /www/wwwroot/cuijingshui.zwzdoac.cn/public/../application/index/view/index/index.html [ array (
  0 => 'user',
  1 => 'site',
  2 => 'config',
) ]
[ info ] [ BEHAVIOR ] Run \addons\shop\Shop @view_filter [ RunTime:0.000044s ]
[ info ] [ BEHAVIOR ] Run \addons\third\Third @view_filter [ RunTime:0.000036s ]
[ info ] [ LOG ] INIT File
